<?xml version="1.0" encoding="UTF-8"?>
<!-- Generated by org.testng.reporters.JUnitXMLReporter -->
<testsuite ignored="29" hostname="DESKTOP-2IFVM62" failures="0" tests="1" name="Default test" time="0.174" errors="0" timestamp="2022-08-20T01:37:39 PDT">
  <testcase classname="com.obsqura.scripts.TestBase" name="@BeforeTest setUp" time="-1.660984659437E9">
    <failure type="org.testng.TestNGException" message="
Parameter &amp;apos;browser&amp;apos; is required by BeforeTest on method setUp but has not been marked @Optional or defined
in C:\Users\user\AppData\Local\Temp\testng-eclipse-695570461\testng-customsuite.xml">
      <![CDATA[org.testng.TestNGException: 
Parameter 'browser' is required by BeforeTest on method setUp but has not been marked @Optional or defined
in C:\Users\user\AppData\Local\Temp\testng-eclipse-695570461\testng-customsuite.xml
at org.testng.internal.Parameters.createParams(Parameters.java:267)
at org.testng.internal.Parameters.createParametersForMethod(Parameters.java:355)
at org.testng.internal.Parameters.createParameters(Parameters.java:684)
at org.testng.internal.Parameters.createConfigurationParameters(Parameters.java:166)
at org.testng.internal.invokers.ConfigInvoker.invokeConfigurations(ConfigInvoker.java:277)
at org.testng.TestRunner.invokeTestConfigurations(TestRunner.java:643)
at org.testng.TestRunner.beforeRun(TestRunner.java:632)
at org.testng.TestRunner.run(TestRunner.java:594)
at org.testng.SuiteRunner.runTest(SuiteRunner.java:433)
at org.testng.SuiteRunner.runSequentially(SuiteRunner.java:427)
at org.testng.SuiteRunner.privateRun(SuiteRunner.java:387)
at org.testng.SuiteRunner.run(SuiteRunner.java:330)
at org.testng.SuiteRunnerWorker.runSuite(SuiteRunnerWorker.java:52)
at org.testng.SuiteRunnerWorker.run(SuiteRunnerWorker.java:95)
at org.testng.TestNG.runSuitesSequentially(TestNG.java:1256)
at org.testng.TestNG.runSuitesLocally(TestNG.java:1176)
at org.testng.TestNG.runSuites(TestNG.java:1099)
at org.testng.TestNG.run(TestNG.java:1067)
at org.testng.remote.AbstractRemoteTestNG.run(AbstractRemoteTestNG.java:115)
at org.testng.remote.RemoteTestNG.initAndRun(RemoteTestNG.java:251)
at org.testng.remote.RemoteTestNG.main(RemoteTestNG.java:77)
]]>
    </failure>
  </testcase> <!-- @BeforeTest setUp -->
  <testcase classname="com.obsqura.scripts.TestBase" name="@AfterMethod tearDown" time="0.0">
    <skipped/>
  </testcase> <!-- @AfterMethod tearDown -->
  <testcase classname="com.obsqura.scripts.TestClass" name="verifyworkerBankDetails" time="0.0">
    <skipped/>
  </testcase> <!-- verifyworkerBankDetails -->
  <testcase classname="com.obsqura.scripts.TestClass" name="verify_CreateNewWorkerButton" time="0.0">
    <ignored/>
  </testcase> <!-- verify_CreateNewWorkerButton -->
  <testcase classname="com.obsqura.scripts.TestClass" name="verify_CreateNewClientButton" time="0.0">
    <ignored/>
  </testcase> <!-- verify_CreateNewClientButton -->
  <testcase classname="com.obsqura.scripts.TestClass" name="verifyTimeSheetButton" time="0.0">
    <ignored/>
  </testcase> <!-- verifyTimeSheetButton -->
  <testcase classname="com.obsqura.scripts.TestClass" name="verifyEmailId_inResetPassword" time="0.0">
    <ignored/>
  </testcase> <!-- verifyEmailId_inResetPassword -->
  <testcase classname="com.obsqura.scripts.TestClass" name="verify_User_can_CreateNew_Client_with_mandatory_fields" time="0.0">
    <ignored/>
  </testcase> <!-- verify_User_can_CreateNew_Client_with_mandatory_fields -->
  <testcase classname="com.obsqura.scripts.TestClass" name="verifyViewProfile_inCarolThomasButton" time="0.0">
    <ignored/>
  </testcase> <!-- verifyViewProfile_inCarolThomasButton -->
  <testcase classname="com.obsqura.scripts.TestClass" name="verify_Login_with_correctUsername_and_password" time="0.0">
    <ignored/>
  </testcase> <!-- verify_Login_with_correctUsername_and_password -->
  <testcase classname="com.obsqura.scripts.TestClass" name="verifyCarolThomasButton" time="0.0">
    <ignored/>
  </testcase> <!-- verifyCarolThomasButton -->
  <testcase classname="com.obsqura.scripts.TestClass" name="verifySettingsButton" time="0.0">
    <ignored/>
  </testcase> <!-- verifySettingsButton -->
  <testcase classname="com.obsqura.scripts.TestClass" name="verify_invalidLogin_using_dataprovider" time="0.0">
    <ignored/>
  </testcase> <!-- verify_invalidLogin_using_dataprovider -->
  <testcase classname="com.obsqura.scripts.TestClass" name="verify_search_ValidClient" time="0.0">
    <ignored/>
  </testcase> <!-- verify_search_ValidClient -->
  <testcase classname="com.obsqura.scripts.TestClass" name="verifyDashBoardButton" time="0.0">
    <ignored/>
  </testcase> <!-- verifyDashBoardButton -->
  <testcase classname="com.obsqura.scripts.TestClass" name="verifyReportButton" time="0.0">
    <ignored/>
  </testcase> <!-- verifyReportButton -->
  <testcase classname="com.obsqura.scripts.TestClass" name="verify_search_ValidClient_UsingValidNameOnly" time="0.0">
    <ignored/>
  </testcase> <!-- verify_search_ValidClient_UsingValidNameOnly -->
  <testcase classname="com.obsqura.scripts.TestClass" name="verifySearch_ValidClient_UsingValidIDOnly" time="0.0">
    <ignored/>
  </testcase> <!-- verifySearch_ValidClient_UsingValidIDOnly -->
  <testcase classname="com.obsqura.scripts.TestClass" name="verify_user_able_to_CreateNewWorker_with_mandatoryFields" time="0.0">
    <ignored/>
  </testcase> <!-- verify_user_able_to_CreateNewWorker_with_mandatoryFields -->
  <testcase classname="com.obsqura.scripts.TestClass" name="verifyInvoiceButton" time="0.0">
    <ignored/>
  </testcase> <!-- verifyInvoiceButton -->
  <testcase classname="com.obsqura.scripts.TestClass" name="verifyPayslipButton" time="0.0">
    <ignored/>
  </testcase> <!-- verifyPayslipButton -->
  <testcase classname="com.obsqura.scripts.TestClass" name="verifySearchClient_Using_InValidName_and_ID" time="0.0">
    <ignored/>
  </testcase> <!-- verifySearchClient_Using_InValidName_and_ID -->
  <testcase classname="com.obsqura.scripts.TestClass" name="verify_user_can_search_ValidWorker" time="0.0">
    <ignored/>
  </testcase> <!-- verify_user_can_search_ValidWorker -->
  <testcase classname="com.obsqura.scripts.TestClass" name="Login_with_incorrectUsername_and_incorrectpassword" time="0.0">
    <ignored/>
  </testcase> <!-- Login_with_incorrectUsername_and_incorrectpassword -->
  <testcase classname="com.obsqura.scripts.TestClass" name="verifyResetitButton" time="0.0">
    <ignored/>
  </testcase> <!-- verifyResetitButton -->
  <testcase classname="com.obsqura.scripts.TestClass" name="verifyWorkersButton" time="0.0">
    <ignored/>
  </testcase> <!-- verifyWorkersButton -->
  <testcase classname="com.obsqura.scripts.TestClass" name="verifyResetPassword_WithInvalidEmailId" time="0.0">
    <ignored/>
  </testcase> <!-- verifyResetPassword_WithInvalidEmailId -->
  <testcase classname="com.obsqura.scripts.TestClass" name="verifyClientsButton" time="0.0">
    <ignored/>
  </testcase> <!-- verifyClientsButton -->
  <testcase classname="com.obsqura.scripts.TestClass" name="verifyLogin_with_no_username_and_password" time="0.0">
    <ignored/>
  </testcase> <!-- verifyLogin_with_no_username_and_password -->
  <testcase classname="com.obsqura.scripts.TestClass" name="verifyLogout_inCarolThomasButton" time="0.0">
    <ignored/>
  </testcase> <!-- verifyLogout_inCarolThomasButton -->
  <testcase classname="com.obsqura.scripts.TestClass" name="verifyCompanyButton" time="0.0">
    <ignored/>
  </testcase> <!-- verifyCompanyButton -->
  <testcase classname="com.obsqura.scripts.TestClass" name="verifyDeductionButton" time="0.0">
    <ignored/>
  </testcase> <!-- verifyDeductionButton -->
</testsuite> <!-- Default test -->
